\BOOKMARK [1][-]{section.1}{\376\377\000A\000b\000k\000\374\000r\000z\000u\000n\000g\000s\000v\000e\000r\000z\000e\000i\000c\000h\000n\000i\000s}{}% 1
\BOOKMARK [1][-]{section.2}{\376\377\000E\000i\000n\000l\000e\000i\000t\000u\000n\000g}{}% 2
\BOOKMARK [2][-]{subsection.2.1}{\376\377\000M\000o\000t\000i\000v\000a\000t\000i\000o\000n}{section.2}% 3
\BOOKMARK [2][-]{subsection.2.2}{\376\377\000S\000t\000a\000n\000d\000\040\000d\000e\000r\000\040\000T\000e\000c\000h\000n\000i\000k}{section.2}% 4
\BOOKMARK [2][-]{subsection.2.3}{\376\377\000Z\000i\000e\000l\000\040\000d\000e\000r\000\040\000A\000r\000b\000e\000i\000t}{section.2}% 5
\BOOKMARK [2][-]{subsection.2.4}{\376\377\000A\000b\000g\000r\000e\000n\000z\000u\000n\000g}{section.2}% 6
\BOOKMARK [1][-]{section.3}{\376\377\000G\000u\000n\000d\000l\000a\000g\000e\000n}{}% 7
\BOOKMARK [1][-]{section.4}{\376\377\000E\000n\000t\000w\000u\000r\000f}{}% 8
\BOOKMARK [2][-]{subsection.4.1}{\376\377\000A\000n\000f\000o\000r\000d\000e\000r\000u\000n\000g\000e\000n}{section.4}% 9
\BOOKMARK [2][-]{subsection.4.2}{\376\377\000M\000o\000d\000u\000l\000l\000i\000s\000t\000e\000\040\000/\000\040\000K\000o\000m\000p\000o\000n\000e\000n\000t\000e\000n\000f\000e\000s\000t\000l\000e\000g\000u\000n\000g}{section.4}% 10
\BOOKMARK [3][-]{subsubsection.4.2.1}{\376\377\000S\000t\000r\000o\000m\000v\000e\000r\000s\000o\000r\000g\000u\000n\000g}{subsection.4.2}% 11
\BOOKMARK [3][-]{subsubsection.4.2.2}{\376\377\000D\000a\000t\000e\000n\000\374\000b\000e\000r\000t\000r\000a\000g\000u\000n\000g}{subsection.4.2}% 12
\BOOKMARK [3][-]{subsubsection.4.2.3}{\376\377\000C\000o\000m\000p\000u\000t\000e\000r}{subsection.4.2}% 13
\BOOKMARK [3][-]{subsubsection.4.2.4}{\376\377\000S\000e\000n\000s\000o\000r\000i\000k}{subsection.4.2}% 14
\BOOKMARK [3][-]{subsubsection.4.2.5}{\376\377\000P\000C\000B}{subsection.4.2}% 15
\BOOKMARK [3][-]{subsubsection.4.2.6}{\376\377\000A\000k\000t\000u\000a\000t\000o\000r\000e\000n}{subsection.4.2}% 16
\BOOKMARK [2][-]{subsection.4.3}{\376\377\000R\000a\000h\000m\000e\000n\000b\000e\000d\000i\000n\000g\000u\000n\000g\000e\000n}{section.4}% 17
\BOOKMARK [1][-]{section.5}{\376\377\000I\000m\000p\000l\000e\000m\000e\000n\000t\000i\000e\000r\000u\000n\000g}{}% 18
\BOOKMARK [2][-]{subsection.5.1}{\376\377\000O\000p\000e\000r\000a\000t\000i\000o\000n\000s\000k\000o\000n\000z\000e\000p\000t}{section.5}% 19
\BOOKMARK [2][-]{subsection.5.2}{\376\377\000E\000x\000p\000e\000r\000i\000m\000e\000n\000t}{section.5}% 20
\BOOKMARK [2][-]{subsection.5.3}{\376\377\000T\000e\000s\000t\000s}{section.5}% 21
\BOOKMARK [2][-]{subsection.5.4}{\376\377\000E\000n\000e\000r\000g\000i\000e\000t\000e\000s\000t\000s}{section.5}% 22
\BOOKMARK [2][-]{subsection.5.5}{\376\377\000P\000C\000B\000\040\000-\000\040\000D\000e\000s\000i\000g\000n}{section.5}% 23
\BOOKMARK [2][-]{subsection.5.6}{\376\377\000C\000o\000d\000e}{section.5}% 24
\BOOKMARK [1][-]{section.6}{\376\377\000D\000i\000s\000k\000u\000s\000s\000i\000o\000n\000\040\000-\000\040\000A\000u\000s\000w\000e\000r\000t\000u\000n\000g}{}% 25
\BOOKMARK [2][-]{subsection.6.1}{\376\377\000E\000r\000g\000e\000b\000n\000i\000s\000s\000e}{section.6}% 26
\BOOKMARK [2][-]{subsection.6.2}{\376\377\000S\000c\000h\000w\000i\000e\000r\000i\000g\000k\000e\000i\000t\000e\000n}{section.6}% 27
\BOOKMARK [2][-]{subsection.6.3}{\376\377\000W\000e\000i\000t\000e\000r\000f\000\374\000h\000r\000u\000n\000g}{section.6}% 28
\BOOKMARK [2][-]{subsection.6.4}{\376\377\000A\000u\000s\000b\000l\000i\000c\000k}{section.6}% 29
\BOOKMARK [1][-]{section.7}{\376\377\000F\000a\000z\000i\000t}{}% 30
